<?xml version="1.0" encoding="UTF-8"?>
<!-- Generated by org.testng.reporters.JUnitXMLReporter -->
<testsuite hostname="LAPTOP-AMQR2RJD" ignored="0" name="Default test" tests="4" failures="0" timestamp="2023-08-01T10:06:01 IST" time="0.056" errors="0">
  <testcase name="login" time="0.007" classname="org.tcs.Testng"/>
  <testcase name="bookingHotel" time="0.001" classname="org.tcs.Testng"/>
  <testcase name="searchhotel" time="0.002" classname="org.tcs.Testng"/>
  <testcase name="selecthotel" time="0.001" classname="org.tcs.Testng"/>
</testsuite> <!-- Default test -->
