<?xml version="1.0" encoding="UTF-8"?>
<testng-results skipped="0" failed="0" ignored="0" total="4" passed="4">
  <reporter-output>
  </reporter-output>
  <suite name="Default suite" duration-ms="56" started-at="2023-08-01T10:06:01 IST" finished-at="2023-08-01T10:06:01 IST">
    <groups>
    </groups>
    <test name="Default test" duration-ms="56" started-at="2023-08-01T10:06:01 IST" finished-at="2023-08-01T10:06:01 IST">
      <class name="org.tcs.Testng">
        <test-method status="PASS" signature="login()[pri:-50, instance:org.tcs.Testng@7b69c6ba]" name="login" duration-ms="7" started-at="2023-08-01T10:06:01 IST" finished-at="2023-08-01T10:06:01 IST">
          <reporter-output>
          </reporter-output>
        </test-method> <!-- login -->
        <test-method status="PASS" signature="bookingHotel()[pri:0, instance:org.tcs.Testng@7b69c6ba]" name="bookingHotel" duration-ms="1" started-at="2023-08-01T10:06:01 IST" finished-at="2023-08-01T10:06:01 IST">
          <reporter-output>
          </reporter-output>
        </test-method> <!-- bookingHotel -->
        <test-method status="PASS" signature="searchhotel()[pri:20, instance:org.tcs.Testng@7b69c6ba]" name="searchhotel" duration-ms="2" started-at="2023-08-01T10:06:01 IST" finished-at="2023-08-01T10:06:01 IST">
          <reporter-output>
          </reporter-output>
        </test-method> <!-- searchhotel -->
        <test-method status="PASS" signature="selecthotel()[pri:40, instance:org.tcs.Testng@7b69c6ba]" name="selecthotel" duration-ms="1" started-at="2023-08-01T10:06:01 IST" finished-at="2023-08-01T10:06:01 IST">
          <reporter-output>
          </reporter-output>
        </test-method> <!-- selecthotel -->
      </class> <!-- org.tcs.Testng -->
    </test> <!-- Default test -->
  </suite> <!-- Default suite -->
</testng-results>
